0:00 ------------------------------------------------------------
0:00 InitGame: \version\develop / 91056487f0e38d5eaed6ee554701b375e9c086e1 linux-x86_64 Feb  4 2025\dmflags\0\fraglimit\20\timelimit\0\capturelimit\0\g_privateDuel\1\g_saberLocking\1\duel_fraglimit\10\g_forceBasedTeams\0\g_duelWeaponDisable\1\g_gametype\4\g_needpass\0\protocol\27\gameversion\1.3.24\mapname\jkg_taris\sv_privateClients\0\sv_hostname\*Jedi*\sv_maxclients\8\sv_maxRate\0\sv_minPing\0\sv_maxPing\0\sv_floodProtect\1\sv_fps\40\sv_allowDownload\0\sv_autoDemo\0\g_debugMelee\0\g_forcePowerDisable\1\g_maxForceRank\0\g_maxGameClients\0\g_noSpecMove\0\g_showDuelHealths\0\g_siegeTeam1\none\g_siegeTeam2\none\g_siegeTeamSwitch\1\g_stepSlideFix\1\gamename\Jedi Knight Galaxies v1.3.24\jkg_startingCredits\500\jkg_passiveCreditsAmount\15\jkg_passiveCreditsRate\30000\jkg_passiveCreditsWait\60000\jkg_startingGun\pistol_DL-18\jkg_startingSaberDuel\saber_kyle\jkg_minVendors\2\jkg_removenpcbody\0\jkg_removenpctime_default\10000\jkg_removenpctime_droid\0\jkg_durability\0
0:00 ClientConnect: 0 [localhost] (32D7170449ADB37A9BB73052C269475A) "^7"
0:00 ClientBegin: 0
0:08 ShutdownGame:
------------------------------------------------------------
0:00 ------------------------------------------------------------
0:00 InitGame: \version\develop / 91056487f0e38d5eaed6ee554701b375e9c086e1 linux-x86_64 Feb  4 2025\dmflags\0\fraglimit\20\timelimit\0\capturelimit\0\g_privateDuel\1\g_saberLocking\1\duel_fraglimit\10\g_forceBasedTeams\0\g_duelWeaponDisable\1\g_gametype\4\g_needpass\0\protocol\27\gameversion\1.3.24\mapname\jkg_ctf_bespin\sv_privateClients\0\sv_hostname\*Jedi*\sv_maxclients\8\sv_maxRate\0\sv_minPing\0\sv_maxPing\0\sv_floodProtect\1\sv_fps\40\sv_allowDownload\0\sv_autoDemo\0\bot_minplayers\0\g_debugMelee\0\g_forcePowerDisable\1\g_maxForceRank\0\g_maxGameClients\0\g_noSpecMove\0\g_showDuelHealths\0\g_siegeTeam1\none\g_siegeTeam2\none\g_siegeTeamSwitch\1\g_stepSlideFix\1\gamename\Jedi Knight Galaxies v1.3.24\jkg_startingCredits\500\jkg_passiveCreditsAmount\15\jkg_passiveCreditsRate\30000\jkg_passiveCreditsWait\60000\jkg_startingGun\rifle_Dressy\jkg_startingSaberDuel\saber_kyle\jkg_minVendors\2\jkg_removenpcbody\0\jkg_removenpctime_default\10000\jkg_removenpctime_droid\0\jkg_durability\0\npc_enemies\0\npc_civilia0:00 ClientConnect: 0 [localhost] (32D7170449ADB37A9BB73052C269475A) "^7"
0:00 ------------------------------------------------------------
0:00 InitGame: \capturelimit\0\dmflags\0\duel_fraglimit\10\fraglimit\20\g_duelWeaponDisable\1\g_forceBasedTeams\0\g_forcePowerDisable\1\g_maxForceRank\0\g_maxGameClients\0\g_privateDuel\1\g_saberLocking\1\g_siegeTeam1\none\g_siegeTeam2\none\g_siegeTeamSwitch\1\jkg_durability\0\jkg_minVendors\2\jkg_passiveCreditsAmount\15\jkg_passiveCreditsRate\30000\jkg_passiveCreditsWait\60000\jkg_removenpcbody\0\jkg_removenpctime_default\10000\jkg_removenpctime_droid\0\jkg_startingCredits\500\jkg_startingGun\pistol_DL-18\jkg_startingSaberDuel\saber_kyle\sv_autoDemo\0\sv_floodProtect\1\sv_fps\40\sv_hostname\*Jedi*\sv_maxclients\8\sv_maxPing\0\sv_maxRate\0\sv_minPing\0\timelimit\0\version\develop / 91056487f0e38d5eaed6ee554701b375e9c086e1 linux-x86_64 Feb  4 2025\g_gametype\4\g_needpass\0\protocol\27\gameversion\1.3.24\mapname\jkg_taris\sv_privateClients\0\sv_allowDownload\0\g_debugMelee\0\g_noSpecMove\0\g_showDuelHealths\0\g_stepSlideFix\1\gamename\Jedi Knight Galaxies v1.3.24
0:00 ClientConnect: 0 [localhost] (32D7170449ADB37A9BB73052C269475A) "^7"
0:00 ClientBegin: 0
0:02 setteam:  0 SPECTATOR BLUE
0:02 ClientBegin: 0
0:00 ------------------------------------------------------------
0:00 InitGame: \capturelimit\0\dmflags\0\duel_fraglimit\10\fraglimit\20\g_duelWeaponDisable\1\g_forceBasedTeams\0\g_forcePowerDisable\1\g_maxForceRank\0\g_maxGameClients\0\g_privateDuel\1\g_saberLocking\1\g_siegeTeam1\none\g_siegeTeam2\none\g_siegeTeamSwitch\1\jkg_durability\0\jkg_minVendors\2\jkg_passiveCreditsAmount\15\jkg_passiveCreditsRate\30000\jkg_passiveCreditsWait\60000\jkg_removenpcbody\0\jkg_removenpctime_default\10000\jkg_removenpctime_droid\0\jkg_startingCredits\500\jkg_startingGun\rifle_Dressy\jkg_startingSaberDuel\saber_kyle\sv_autoDemo\0\sv_floodProtect\1\sv_fps\40\sv_hostname\*Jedi*\sv_maxclients\8\sv_maxPing\0\sv_maxRate\0\sv_minPing\0\timelimit\0\version\develop / c7596b3e257e80746eefc5c2cf2edd1f3a073735 linux-x86_64 Nov  6 2024\g_gametype\4\g_needpass\0\protocol\27\gameversion\1.3.24\mapname\jkg_ctf_bespin\sv_privateClients\0\sv_allowDownload\0\g_debugMelee\0\g_noSpecMove\0\g_showDuelHealths\0\g_stepSlideFix\1\gamename\Jedi Knight Galaxies v1.3.24
0:00 ClientConnect: 0 [localhost] (32D7170449ADB37A9BB73052C269475A) "^7"
0:00 ClientBegin: 0
0:01 setteam:  0 SPECTATOR BLUE
0:01 ClientBegin: 0
0:07 ShutdownGame:
------------------------------------------------------------
0:00 ------------------------------------------------------------
0:00 InitGame: \bot_minplayers\0\capturelimit\0\dmflags\0\duel_fraglimit\10\fraglimit\20\g_duelWeaponDisable\1\g_forceBasedTeams\0\g_forcePowerDisable\1\g_maxForceRank\0\g_maxGameClients\0\g_privateDuel\1\g_saberLocking\1\g_siegeTeam1\none\g_siegeTeam2\none\g_siegeTeamSwitch\1\jkg_durability\0\jkg_minVendors\2\jkg_passiveCreditsAmount\15\jkg_passiveCreditsRate\30000\jkg_passiveCreditsWait\60000\jkg_removenpcbody\0\jkg_removenpctime_default\10000\jkg_removenpctime_droid\0\jkg_startingCredits\500\jkg_startingGun\pistol_DL-18\jkg_startingSaberDuel\saber_kyle\npc_civilians\0\npc_enemies\0\npc_vendors\0\sv_autoDemo\0\sv_floodProtect\1\sv_fps\40\sv_hostname\*Jedi*\sv_maxclients\8\sv_maxPing\0\sv_maxRate\0\sv_minPing\0\timelimit\0\version\develop / c7596b3e257e80746eefc5c2cf2edd1f3a073735 linux-x86_64 Nov  6 2024\g_gametype\4\g_needpass\0\protocol\27\gameversion\1.3.24\mapname\jkg_taris\sv_privateClients\0\sv_allowDownload\0\g_debugMelee\0\g_noSpecMove\0\g_showDuelHealths\0\g_stepSlideFix\1\gamename\Jedi Knight Gal0:00 ClientConnect: 0 [localhost] (32D7170449ADB37A9BB73052C269475A) "^7"
0:00 setteam:  0 FREE BLUE
0:00 ------------------------------------------------------------
0:00 InitGame: \version\develop / c7596b3e257e80746eefc5c2cf2edd1f3a073735 linux-x86_64 Nov  6 2024\dmflags\0\fraglimit\50\timelimit\45\capturelimit\7\g_privateDuel\0\g_saberLocking\1\duel_fraglimit\10\g_forceBasedTeams\0\g_duelWeaponDisable\1\g_gametype\tffa\g_needpass\0\protocol\27\gameversion\1.3.24\mapname\JKG_Spaceport\sv_privateClients\0\sv_hostname\^5JKG^7 Server (AUS)\sv_maxclients\8\sv_maxRate\30000\sv_minPing\0\sv_maxPing\0\sv_floodProtect\0\sv_fps\40\sv_allowDownload\0\sv_autoDemo\0\jkg_startingCredits\500\g_maxForceRank\1\g_forcePowerDisable\0\jkg_startingSaberDuel\saber_kyle\jkg_startingGun\pistol_DL-18\g_debugMelee\0\g_maxGameClients\0\g_noSpecMove\0\g_showDuelHealths\0\g_siegeTeam1\none\g_siegeTeam2\none\g_siegeTeamSwitch\1\g_stepSlideFix\1\gamename\Jedi Knight Galaxies v1.3.24\jkg_passiveCreditsAmount\15\jkg_passiveCreditsRate\30000\jkg_passiveCreditsWait\60000\jkg_minVendors\2\jkg_removenpcbody\0\jkg_removenpctime_default\10000\jkg_removenpctime_droid\0\jkg_durability\0
1:15 ShutdownGame:
------------------------------------------------------------
0:00 ------------------------------------------------------------
0:00 InitGame: \version\develop / c7596b3e257e80746eefc5c2cf2edd1f3a073735 linux-x86_64 Nov  6 2024\dmflags\0\fraglimit\50\timelimit\45\capturelimit\7\g_privateDuel\0\g_saberLocking\1\duel_fraglimit\10\g_forceBasedTeams\0\g_duelWeaponDisable\1\g_gametype\4\g_needpass\0\protocol\27\gameversion\1.3.24\mapname\jkg_taris\sv_privateClients\0\sv_hostname\^5JKG^7 Server (AUS)\sv_maxclients\8\sv_maxRate\30000\sv_minPing\0\sv_maxPing\0\sv_floodProtect\0\sv_fps\40\sv_allowDownload\0\sv_autoDemo\0\bot_minplayers\0\jkg_startingCredits\500\g_maxForceRank\1\g_forcePowerDisable\0\jkg_startingSaberDuel\saber_kyle\jkg_startingGun\pistol_DL-18\g_debugMelee\0\g_maxGameClients\0\g_noSpecMove\0\g_showDuelHealths\0\g_siegeTeam1\none\g_siegeTeam2\none\g_siegeTeamSwitch\1\g_stepSlideFix\1\gamename\Jedi Knight Galaxies v1.3.24\jkg_passiveCreditsAmount\15\jkg_passiveCreditsRate\30000\jkg_passiveCreditsWait\60000\jkg_minVendors\2\jkg_removenpcbody\0\jkg_removenpctime_default\10000\jkg_removenpctime_droid\0\jkg_durability\0\npc_enemies